<?xml version="1.0" encoding="UTF-8"?>
<testsuite xmlns:xsi="http://www.w3.org/2001/XMLSchema-instance" xsi:noNamespaceSchemaLocation="https://maven.apache.org/surefire/maven-surefire-plugin/xsd/surefire-test-report.xsd" version="3.0.2" name="ru.mfa.HelloControllerTest" time="7.714" tests="2" errors="0" skipped="0" failures="0">
  <properties>
[...]
</properties>
  <testcase name="pingEndpointReturnsOk" classname="ru.mfa.HelloControllerTest" time="2.443">
    <system-out><![CDATA[21:42:43.123 [main] INFO org.springframework.test.context.support.AnnotationConfigContextLoaderUtils -- Could not detect default configuration classes for test class [ru.mfa.HelloControllerTest]: HelloControllerTest does not declare any static, non-private, non-final, nested classes annotated with @Configuration.
21:42:43.412 [main] INFO org.springframework.boot.test.context.SpringBootTestContextBootstrapper -- Found @SpringBootConfiguration ru.mfa.MavenDemoApplication for test class ru.mfa.HelloControllerTest

  .   ____          _            __ _ _
 /\\ / ___'_ __ _ _(_)_ __  __ _ \ \ \ \
( ( )\___ | '_ | '_| | '_ \/ _` | \ \ \ \
 \\/  ___)| |_)| | | | | || (_| |  ) ) ) )
  '  |____| .__|_| |_|_| |_\__, | / / / /
 =========|_|==============|___/=/_/_/_/

 :: Spring Boot ::                (v3.5.6)

2026-03-19T21:42:44.623+03:00  INFO 14620 --- [           main] ru.mfa.HelloControllerTest               : Starting HelloControllerTest using Java 21.0.10 with PID 14620 (started by cella in C:\Users\cella\Desktop\LABA1_RBPO_Egor_Figurniak_BKS2302-main)
2026-03-19T21:42:44.625+03:00  INFO 14620 --- [           main] ru.mfa.HelloControllerTest               : No active profile set, falling back to 1 default profile: "default"
2026-03-19T21:42:46.636+03:00  INFO 14620 --- [           main] o.s.b.w.embedded.tomcat.TomcatWebServer  : Tomcat initialized with port 0 (http)
2026-03-19T21:42:46.668+03:00  INFO 14620 --- [           main] o.apache.catalina.core.StandardService   : Starting service [Tomcat]
2026-03-19T21:42:46.669+03:00  INFO 14620 --- [           main] o.apache.catalina.core.StandardEngine    : Starting Servlet engine: [Apache Tomcat/10.1.46]
2026-03-19T21:42:46.772+03:00  INFO 14620 --- [           main] o.a.c.c.C.[Tomcat].[localhost].[/]       : Initializing Spring embedded WebApplicationContext
2026-03-19T21:42:46.775+03:00  INFO 14620 --- [           main] w.s.c.ServletWebServerApplicationContext : Root WebApplicationContext: initialization completed in 2106 ms
2026-03-19T21:42:47.937+03:00  INFO 14620 --- [           main] o.s.b.w.embedded.tomcat.TomcatWebServer  : Tomcat started on port 30851 (http) with context path '/'
2026-03-19T21:42:47.952+03:00  INFO 14620 --- [           main] ru.mfa.HelloControllerTest               : Started HelloControllerTest in 4.085 seconds (process running for 6.499)
2026-03-19T21:42:49.961+03:00  INFO 14620 --- [o-auto-1-exec-1] o.a.c.c.C.[Tomcat].[localhost].[/]       : Initializing Spring DispatcherServlet 'dispatcherServlet'
2026-03-19T21:42:49.961+03:00  INFO 14620 --- [o-auto-1-exec-1] o.s.web.servlet.DispatcherServlet        : Initializing Servlet 'dispatcherServlet'
2026-03-19T21:42:49.961+03:00  INFO 14620 --- [o-auto-1-exec-1] o.s.web.servlet.DispatcherServlet        : Completed initialization in 0 ms
]]></system-out>
    <system-err><![CDATA[Mockito is currently self-attaching to enable the inline-mock-maker. This will no longer work in future releases of the JDK. Please add Mockito as an agent to your build as described in Mockito's documentation: https://javadoc.io/doc/org.mockito/mockito-core/latest/org.mockito/org/mockito/Mockito.html#0.3
WARNING: A Java agent has been loaded dynamically (C:\Users\cella\.m2\repository\net\bytebuddy\byte-buddy-agent\1.17.7\byte-buddy-agent-1.17.7.jar)
WARNING: If a serviceability tool is in use, please run with -XX:+EnableDynamicAgentLoading to hide this warning
WARNING: If a serviceability tool is not in use, please run with -Djdk.instrument.traceUsage for more information
WARNING: Dynamic loading of agents will be disallowed by default in a future release
]]></system-err>
  </testcase>
  <testcase name="helloEndpointReturnsHelloWorld" classname="ru.mfa.HelloControllerTest" time="0.016"/>
</testsuite>